=~=~=~=~=~=~=~=~=~=~=~= PuTTY log 2024.06.10 21:01:06 =~=~=~=~=~=~=~=~=~=~=~=
sh run
Building configuration...

Current configuration : 5659 bytes
!
! Last configuration change at 13:34:32 UTC Mon Jun 10 2024
!
version 15.0
service timestamps debug datetime msec
service timestamps log datetime msec
no service password-encryption
service compress-config
!
hostname vIOS-L2-01
!
boot-start-marker
boot-end-marker
!
!
!
no aaa new-model
!
!
!
!
!
vtp domain CISCO-vIOS
vtp mode transparent
!
!
!
ip cef
no ipv6 cef
!
!
spanning-tree mode pvst
spanning-tree extend system-id
!
vlan internal allocation policy ascending
!
vlan 100
 name VLAN100
!
vlan 200,300 
!
! 
!
!
!
!
!
!
!
!
!
!
!
interface Port-channel3
 switchport
!
interface Port-channel4
 switchport
!
interface Port-channel2
 switchport
!
interface Port-channel1
 switchport
!
interface GigabitEthernet0/0
 media-type rj45
 negotiation auto
 channel-group 2 mode active
!
interface GigabitEthernet0/1
 media-type rj45
 negotiation auto
 channel-group 2 mode active
!
interface GigabitEthernet0/2
 media-type rj45
 negotiation auto
 channel-group 1 mode passive
!
interface GigabitEthernet0/3
 media-type rj45
 negotiation auto
 channel-group 1 mode passive
!
interface GigabitEthernet1/0
 media-type rj45
 negotiation auto
 channel-group 4 mode passive
!
interface GigabitEthernet1/1
 media-type rj45
 negotiation auto
 channel-group 4 mode passive
!
interface GigabitEthernet1/2
 media-type rj45
 negotiation auto
 channel-group 3 mode passive
!
interface GigabitEthernet1/3
 media-type rj45
 negotiation auto
 channel-group 3 mode passive
!
interface GigabitEthernet2/0
 media-type rj45
 negotiation auto
 channel-group 2 mode active
!
ip forward-protocol nd
!
no ip http server
no ip http secure-server
!
!
!
!
!
!
control-plane
!
banner exec ^C
**************************************************************************
* IOSv - Cisco Systems Confidential                                      *
*                                                                        *
* This software is provided as is without warranty for internal          *
* development and testing purposes only under the terms of the Cisco     *
* Early Field Trial agreement.  Under no circumstances may this software *
* be used for production purposes or deployed in a production            *
* environment.                                                           *
*                                                                        *
* By using the software, you agree to abide by the terms and conditions  *
* of the Cisco Early Field Trial Agreement as well as the terms and      *
* conditions of the Cisco End User License Agreement at                  *
* http://www.cisco.com/go/eula                                           *
*                                                                        *
* Unauthorized use or distribution of this software is expressly         *
* Prohibited.                                                            *
**************************************************************************^C
banner incoming ^C
**************************************************************************
* IOSv - Cisco Systems Confidential                                      *
*                                                                        *
* This software is provided as is without warranty for internal          *
* development and testing purposes only under the terms of the Cisco     *
* Early Field Trial agreement.  Under no circumstances may this software *
* be used for production purposes or deployed in a production            *
* environment.                                                           *
*                                                                        *
* By using the software, you agree to abide by the terms and conditions  *
* of the Cisco Early Field Trial Agreement as well as the terms and      *
* conditions of the Cisco End User License Agreement at                  *
* http://www.cisco.com/go/eula                                           *
*                                                                        *
* Unauthorized use or distribution of this software is expressly         *
* Prohibited.                                                            *
**************************************************************************^C
banner login ^C
**************************************************************************
* IOSv - Cisco Systems Confidential                                      *
*                                                                        *
* This software is provided as is without warranty for internal          *
* development and testing purposes only under the terms of the Cisco     *
* Early Field Trial agreement.  Under no circumstances may this software *
* be used for production purposes or deployed in a production            *
* environment.                                                           *
*                                                                        *
* By using the software, you agree to abide by the terms and conditions  *
* of the Cisco Early Field Trial Agreement as well as the terms and      *
* conditions of the Cisco End User License Agreement at                  *
* http://www.cisco.com/go/eula                                           *
*                                                                        *
* Unauthorized use or distribution of this software is expressly         *
* Prohibited.                                                            *
**************************************************************************^C
!
line con 0
 logging synchronous
line aux 0
line vty 0 4
 logging synchronous
 login
line vty 5 15
 logging synchronous
 login
!
!
end

vIOS-L2-01#